                                 Started job on |	Jun 11 15:52:13
                             Started mapping on |	Jun 11 15:52:26
                                    Finished on |	Jun 11 15:55:11
       Mapping speed, Million of reads per hour |	879.99

                          Number of input reads |	40332686
                      Average input read length |	50
                                    UNIQUE READS:
                   Uniquely mapped reads number |	25507486
                        Uniquely mapped reads % |	63.24%
                          Average mapped length |	50.59
                       Number of splices: Total |	17441
            Number of splices: Annotated (sjdb) |	0
                       Number of splices: GT/AG |	7549
                       Number of splices: GC/AG |	1460
                       Number of splices: AT/AC |	95
               Number of splices: Non-canonical |	8337
                      Mismatch rate per base, % |	0.16%
                         Deletion rate per base |	0.01%
                        Deletion average length |	1.41
                        Insertion rate per base |	0.00%
                       Insertion average length |	1.27
                             MULTI-MAPPING READS:
        Number of reads mapped to multiple loci |	9078878
             % of reads mapped to multiple loci |	22.51%
        Number of reads mapped to too many loci |	1577823
             % of reads mapped to too many loci |	3.91%
                                  UNMAPPED READS:
  Number of reads unmapped: too many mismatches |	0
       % of reads unmapped: too many mismatches |	0.00%
            Number of reads unmapped: too short |	3984819
                 % of reads unmapped: too short |	9.88%
                Number of reads unmapped: other |	183680
                     % of reads unmapped: other |	0.46%
                                  CHIMERIC READS:
                       Number of chimeric reads |	0
                            % of chimeric reads |	0.00%
