                                 Started job on |	Jun 11 15:55:12
                             Started mapping on |	Jun 11 15:55:13
                                    Finished on |	Jun 11 15:58:02
       Mapping speed, Million of reads per hour |	856.99

                          Number of input reads |	40230927
                      Average input read length |	50
                                    UNIQUE READS:
                   Uniquely mapped reads number |	25813120
                        Uniquely mapped reads % |	64.16%
                          Average mapped length |	50.57
                       Number of splices: Total |	20293
            Number of splices: Annotated (sjdb) |	0
                       Number of splices: GT/AG |	8904
                       Number of splices: GC/AG |	1517
                       Number of splices: AT/AC |	92
               Number of splices: Non-canonical |	9780
                      Mismatch rate per base, % |	0.18%
                         Deletion rate per base |	0.01%
                        Deletion average length |	1.46
                        Insertion rate per base |	0.00%
                       Insertion average length |	1.28
                             MULTI-MAPPING READS:
        Number of reads mapped to multiple loci |	8333187
             % of reads mapped to multiple loci |	20.71%
        Number of reads mapped to too many loci |	967605
             % of reads mapped to too many loci |	2.41%
                                  UNMAPPED READS:
  Number of reads unmapped: too many mismatches |	0
       % of reads unmapped: too many mismatches |	0.00%
            Number of reads unmapped: too short |	4993698
                 % of reads unmapped: too short |	12.41%
                Number of reads unmapped: other |	123317
                     % of reads unmapped: other |	0.31%
                                  CHIMERIC READS:
                       Number of chimeric reads |	0
                            % of chimeric reads |	0.00%
